#
# A fatal error has been detected by the Java Runtime Environment:
#
#  EXCEPTION_ACCESS_VIOLATION (0xc0000005) at pc=0x000000002058c532, pid=12580, tid=0x0000000000003840
#
# JRE version: Java(TM) SE Runtime Environment (8.0_144-b01) (build 1.8.0_144-b01)
# Java VM: Java HotSpot(TM) 64-Bit Server VM (25.144-b01 mixed mode windows-amd64 compressed oops)
# Problematic frame:
# C  [javaxt-core64.dll+0xc532]
#
# Failed to write core dump. Minidumps are not enabled by default on client versions of Windows
#
# If you would like to submit a bug report, please visit:
#   http://bugreport.java.com/bugreport/crash.jsp
# The crash happened outside the Java Virtual Machine in native code.
# See problematic frame for where to report the bug.
#

---------------  T H R E A D  ---------------

Current thread (0x000000001ea11800):  JavaThread "Thread-10" daemon [_thread_in_native, id=14400, stack(0x0000000024690000,0x0000000024790000)]

siginfo: ExceptionCode=0xc0000005, reading address 0x0000000000000000

Registers:
RAX=0x0000000000000000, RBX=0x00000000228d8491, RCX=0x00000000228d0000, RDX=0x00000000228d0000
RSP=0x000000002478f3b0, RBP=0x0000000000000014, RSI=0x00000000228d0932, RDI=0x000000002478f488
R8 =0x00000000228d8d01, R9 =0x0000000000000001, R10=0x0000000000000003, R11=0x000000002478f310
R12=0x000000002478f480, R13=0x0000000000000006, R14=0x0000000000000000, R15=0x00000000205a24fc
RIP=0x000000002058c532, EFLAGS=0x0000000000010202

Top of Stack: (sp=0x000000002478f3b0)
0x000000002478f3b0:   000000002478f480 00000000205a2918
0x000000002478f3c0:   00000000228d8491 00000000228d0932
0x000000002478f3d0:   0000000000000013 000000002478f438
0x000000002478f3e0:   0000000000000000 0000000000000000
0x000000002478f3f0:   00000000178dbff0 0000000000000000
0x000000002478f400:   00000000228d8491 0000000000000018
0x000000002478f410:   000000000000001f 00000000d91f6dd0
0x000000002478f420:   0000000024599072 0000000000000018
0x000000002478f430:   000000000000001f 0000000000000034
0x000000002478f440:   000000000170d3ba 0000000024598fe2
0x000000002478f450:   0000000000000014 000000000000001f
0x000000002478f460:   000000005f8dbc10 0000000000000000
0x000000002478f470:   00000000205ac068 0000000000000000
0x000000002478f480:   00000000205ac060 00000000205a25b0
0x000000002478f490:   00000000228d9fb0 00000000228d9fb0
0x000000002478f4a0:   000000002478f490 000000002478f498 

Instructions: (pc=0x000000002058c532)
0x000000002058c512:   41 ff 84 c0 74 0a 3c ff 74 06 80 41 ff ff eb 09
0x000000002058c522:   48 83 c1 fe e8 b5 06 00 00 48 8b 05 8e 11 02 00
0x000000002058c532:   8b 08 85 c9 74 0c 48 01 0d 81 11 02 00 48 8b c1
0x000000002058c542:   eb 07 4c 89 35 75 11 02 00 48 8b 8c 24 98 00 00 


Register to memory mapping:

RAX=0x0000000000000000 is an unknown value
RBX=0x00000000228d8491 is an unknown value
RCX=0x00000000228d0000 is an unknown value
RDX=0x00000000228d0000 is an unknown value
RSP=0x000000002478f3b0 is pointing into the stack for thread: 0x000000001ea11800
RBP=0x0000000000000014 is an unknown value
RSI=0x00000000228d0932 is an unknown value
RDI=0x000000002478f488 is pointing into the stack for thread: 0x000000001ea11800
R8 =0x00000000228d8d01 is an unknown value
R9 =0x0000000000000001 is an unknown value
R10=0x0000000000000003 is an unknown value
R11=0x000000002478f310 is pointing into the stack for thread: 0x000000001ea11800
R12=0x000000002478f480 is pointing into the stack for thread: 0x000000001ea11800
R13=0x0000000000000006 is an unknown value
R14=0x0000000000000000 is an unknown value
R15=0x00000000205a24fc is an unknown value


Stack: [0x0000000024690000,0x0000000024790000],  sp=0x000000002478f3b0,  free space=1020k
Native frames: (J=compiled Java code, j=interpreted, Vv=VM code, C=native code)
C  [javaxt-core64.dll+0xc532]
C  0x0000000003407f74

Java frames: (J=compiled Java code, j=interpreted, Vv=VM code)
j  javaxt.io.FileSystemWatcherNative.ReadDirectoryChangesW()Ljava/lang/String;+0
j  javaxt.io.FileSystemWatcher.run()V+86
j  java.lang.Thread.run()V+11
v  ~StubRoutines::call_stub

---------------  P R O C E S S  ---------------

Java Threads: ( => current thread )
  0x000000001d79f800 JavaThread "Thread-16" daemon [_thread_in_native, id=14916, stack(0x000000001c1f0000,0x000000001c2f0000)]
  0x000000001d7a2800 JavaThread "taskExecutor-1" [_thread_blocked, id=6928, stack(0x0000000001400000,0x0000000001500000)]
  0x000000001d7a3000 JavaThread "http-nio-8081-Acceptor" daemon [_thread_in_native, id=8580, stack(0x0000000024890000,0x0000000024990000)]
  0x000000001d7a1800 JavaThread "http-nio-8081-ClientPoller" daemon [_thread_in_native, id=3556, stack(0x0000000024790000,0x0000000024890000)]
  0x000000001d444000 JavaThread "http-nio-8081-exec-10" daemon [_thread_blocked, id=7084, stack(0x0000000023e60000,0x0000000023f60000)]
  0x000000001d440800 JavaThread "http-nio-8081-exec-9" daemon [_thread_blocked, id=6872, stack(0x0000000023b60000,0x0000000023c60000)]
  0x000000001d442800 JavaThread "http-nio-8081-exec-8" daemon [_thread_blocked, id=1700, stack(0x0000000023a60000,0x0000000023b60000)]
  0x000000001d445000 JavaThread "http-nio-8081-exec-7" daemon [_thread_blocked, id=15384, stack(0x0000000023960000,0x0000000023a60000)]
  0x000000001d443800 JavaThread "http-nio-8081-exec-6" daemon [_thread_blocked, id=21736, stack(0x0000000023860000,0x0000000023960000)]
  0x000000001d43f800 JavaThread "http-nio-8081-exec-5" daemon [_thread_blocked, id=5448, stack(0x0000000023760000,0x0000000023860000)]
  0x000000001d441000 JavaThread "http-nio-8081-exec-4" daemon [_thread_blocked, id=21148, stack(0x0000000023660000,0x0000000023760000)]
  0x000000001d442000 JavaThread "http-nio-8081-exec-3" daemon [_thread_blocked, id=14256, stack(0x0000000023560000,0x0000000023660000)]
  0x000000001d445800 JavaThread "http-nio-8081-exec-2" daemon [_thread_blocked, id=5920, stack(0x0000000023460000,0x0000000023560000)]
  0x000000001ea18000 JavaThread "http-nio-8081-exec-1" daemon [_thread_blocked, id=21104, stack(0x00000000230e0000,0x00000000231e0000)]
  0x000000001ea17800 JavaThread "http-nio-8081-BlockPoller" daemon [_thread_in_native, id=8548, stack(0x0000000022fe0000,0x00000000230e0000)]
  0x000000001ea10000 JavaThread "File Watcher" daemon [_thread_blocked, id=1300, stack(0x0000000022ee0000,0x0000000022fe0000)]
  0x000000001ea0f000 JavaThread "scheduling-1" [_thread_blocked, id=18528, stack(0x0000000022be0000,0x0000000022ce0000)]
  0x000000001ea14800 JavaThread "container-0" [_thread_blocked, id=14748, stack(0x0000000022ae0000,0x0000000022be0000)]
  0x000000001ea13000 JavaThread "Catalina-utility-2" [_thread_blocked, id=20268, stack(0x00000000220f0000,0x00000000221f0000)]
  0x000000001ea16000 JavaThread "Catalina-utility-1" [_thread_blocked, id=11996, stack(0x0000000021ff0000,0x00000000220f0000)]
  0x000000001ea12000 JavaThread "HikariPool-2 housekeeper" daemon [_thread_blocked, id=7936, stack(0x0000000021ef0000,0x0000000021ff0000)]
  0x000000001ea10800 JavaThread "MVStore background writer nio:C:/Users/UDHAYA/test.mv.db" daemon [_thread_in_native, id=16224, stack(0x0000000021df0000,0x0000000021ef0000)]
  0x000000001ea13800 JavaThread "H2 TCP Server (tcp://192.168.23.1:57654)" daemon [_thread_in_native, id=19852, stack(0x00000000217f0000,0x00000000218f0000)]
  0x000000001ea09000 JavaThread "H2 File Lock Watchdog C:/Users/UDHAYA/test.lock.db" daemon [_thread_blocked, id=5312, stack(0x0000000020280000,0x0000000020380000)]
=>0x000000001ea11800 JavaThread "Thread-10" daemon [_thread_in_native, id=14400, stack(0x0000000024690000,0x0000000024790000)]
  0x000000001ea0c000 JavaThread "DestroyJavaVM" [_thread_blocked, id=9036, stack(0x00000000031f0000,0x00000000032f0000)]
  0x000000001d43f000 JavaThread "Live Reload Server" daemon [_thread_in_native, id=4136, stack(0x0000000022ce0000,0x0000000022de0000)]
  0x00000000198d8800 JavaThread "Service Thread" daemon [_thread_blocked, id=7688, stack(0x0000000019ca0000,0x0000000019da0000)]
  0x0000000017f67000 JavaThread "C1 CompilerThread2" daemon [_thread_blocked, id=412, stack(0x00000000197a0000,0x00000000198a0000)]
  0x0000000017f5a000 JavaThread "C2 CompilerThread1" daemon [_thread_blocked, id=6332, stack(0x00000000196a0000,0x00000000197a0000)]
  0x0000000017f56000 JavaThread "C2 CompilerThread0" daemon [_thread_blocked, id=16092, stack(0x00000000195a0000,0x00000000196a0000)]
  0x0000000017f54800 JavaThread "Attach Listener" daemon [_thread_blocked, id=10916, stack(0x00000000194a0000,0x00000000195a0000)]
  0x0000000017f53000 JavaThread "Signal Dispatcher" daemon [_thread_blocked, id=5944, stack(0x00000000193a0000,0x00000000194a0000)]
  0x00000000033eb000 JavaThread "Finalizer" daemon [_thread_blocked, id=20192, stack(0x00000000191a0000,0x00000000192a0000)]
  0x00000000033e8000 JavaThread "Reference Handler" daemon [_thread_blocked, id=11368, stack(0x00000000190a0000,0x00000000191a0000)]

Other Threads:
  0x0000000017f17800 VMThread [stack: 0x0000000018fa0000,0x00000000190a0000] [id=10372]
  0x000000001992f800 WatcherThread [stack: 0x0000000019da0000,0x0000000019ea0000] [id=18700]

VM state:not at safepoint (normal execution)

VM Mutex/Monitor currently owned by a thread: None

Heap:
 PSYoungGen      total 292352K, used 183907K [0x00000000d5f00000, 0x00000000ee880000, 0x0000000100000000)
  eden space 273408K, 67% used [0x00000000d5f00000,0x00000000e1298fa8,0x00000000e6a00000)
  from space 18944K, 0% used [0x00000000e6a00000,0x00000000e6a00000,0x00000000e7c80000)
  to   space 18432K, 0% used [0x00000000ed680000,0x00000000ed680000,0x00000000ee880000)
 ParOldGen       total 110080K, used 20339K [0x0000000081c00000, 0x0000000088780000, 0x00000000d5f00000)
  object space 110080K, 18% used [0x0000000081c00000,0x0000000082fdcc40,0x0000000088780000)
 Metaspace       used 61932K, capacity 65298K, committed 65496K, reserved 1105920K
  class space    used 8046K, capacity 8620K, committed 8704K, reserved 1048576K

Card table byte_map: [0x00000000127b0000,0x0000000012bb0000] byte_map_base: 0x00000000123a2000

Marking Bits: (ParMarkBitMap*) 0x000000006cb8d850
 Begin Bits: [0x0000000013260000, 0x00000000151f0000)
 End Bits:   [0x00000000151f0000, 0x0000000017180000)

Polling page: 0x0000000003190000

CodeCache: size=245760Kb used=21157Kb max_used=21157Kb free=224602Kb
 bounds [0x00000000033f0000, 0x00000000048c0000, 0x00000000123f0000]
 total_blobs=6706 nmethods=6136 adapters=481
 compilation: enabled

Compilation events (10 events):
Event: 982.552 Thread 0x0000000017f67000 nmethod 6964 0x000000000450b450 code [0x000000000450b6e0, 0x000000000450cc18]
Event: 982.552 Thread 0x0000000017f67000 6968       3       org.springframework.beans.PropertyAccessorUtils::getFirstNestedPropertySeparatorIndex (6 bytes)
Event: 982.552 Thread 0x0000000017f67000 nmethod 6968 0x000000000450b0d0 code [0x000000000450b240, 0x000000000450b3a8]
Event: 982.552 Thread 0x0000000017f67000 6967       3       java.util.GregorianCalendar::internalGetEra (18 bytes)
Event: 982.552 Thread 0x0000000017f67000 nmethod 6967 0x000000000450a990 code [0x000000000450ab00, 0x000000000450af10]
Event: 982.552 Thread 0x0000000017f67000 6965       3       org.springframework.batch.item.file.transform.DefaultFieldSet::readAndTrim (18 bytes)
Event: 982.552 Thread 0x0000000017f67000 nmethod 6965 0x000000000450a450 code [0x000000000450a5c0, 0x000000000450a848]
Event: 982.552 Thread 0x0000000017f67000 6966       3       org.springframework.batch.item.file.mapping.BeanWrapperFieldSetMapper::switchPropertyNames (22 bytes)
Event: 982.553 Thread 0x0000000017f67000 nmethod 6966 0x0000000004509ad0 code [0x0000000004509c60, 0x000000000450a288]
Event: 982.553 Thread 0x0000000017f67000 6969       3       org.springframework.beans.AbstractNestablePropertyAccessor::getPropertyAccessorForPropertyPath (43 bytes)

GC Heap History (10 events):
Event: 17.511 GC heap before
{Heap before GC invocations=11 (full 2):
 PSYoungGen      total 215552K, used 205312K [0x00000000d5f00000, 0x00000000e4480000, 0x0000000100000000)
  eden space 205312K, 100% used [0x00000000d5f00000,0x00000000e2780000,0x00000000e2780000)
  from space 10240K, 0% used [0x00000000e3a80000,0x00000000e3a80000,0x00000000e4480000)
  to   space 12288K, 0% used [0x00000000e2c80000,0x00000000e2c80000,0x00000000e3880000)
 ParOldGen       total 81408K, used 14880K [0x0000000081c00000, 0x0000000086b80000, 0x00000000d5f00000)
  object space 81408K, 18% used [0x0000000081c00000,0x0000000082a88320,0x0000000086b80000)
 Metaspace       used 53280K, capacity 55692K, committed 55896K, reserved 1097728K
  class space    used 7074K, capacity 7508K, committed 7552K, reserved 1048576K
Event: 17.548 GC heap after
Heap after GC invocations=11 (full 2):
 PSYoungGen      total 222720K, used 12275K [0x00000000d5f00000, 0x00000000e8e80000, 0x0000000100000000)
  eden space 210432K, 0% used [0x00000000d5f00000,0x00000000d5f00000,0x00000000e2c80000)
  from space 12288K, 99% used [0x00000000e2c80000,0x00000000e387cc70,0x00000000e3880000)
  to   space 18432K, 0% used [0x00000000e7c80000,0x00000000e7c80000,0x00000000e8e80000)
 ParOldGen       total 81408K, used 26120K [0x0000000081c00000, 0x0000000086b80000, 0x00000000d5f00000)
  object space 81408K, 32% used [0x0000000081c00000,0x0000000083582330,0x0000000086b80000)
 Metaspace       used 53280K, capacity 55692K, committed 55896K, reserved 1097728K
  class space    used 7074K, capacity 7508K, committed 7552K, reserved 1048576K
}
Event: 18.006 GC heap before
{Heap before GC invocations=12 (full 2):
 PSYoungGen      total 222720K, used 46071K [0x00000000d5f00000, 0x00000000e8e80000, 0x0000000100000000)
  eden space 210432K, 16% used [0x00000000d5f00000,0x00000000d80011d0,0x00000000e2c80000)
  from space 12288K, 99% used [0x00000000e2c80000,0x00000000e387cc70,0x00000000e3880000)
  to   space 18432K, 0% used [0x00000000e7c80000,0x00000000e7c80000,0x00000000e8e80000)
 ParOldGen       total 81408K, used 26120K [0x0000000081c00000, 0x0000000086b80000, 0x00000000d5f00000)
  object space 81408K, 32% used [0x0000000081c00000,0x0000000083582330,0x0000000086b80000)
 Metaspace       used 56290K, capacity 59002K, committed 59028K, reserved 1099776K
  class space    used 7470K, capacity 7933K, committed 7936K, reserved 1048576K
Event: 18.020 GC heap after
Heap after GC invocations=12 (full 2):
 PSYoungGen      total 291840K, used 11642K [0x00000000d5f00000, 0x00000000e9f80000, 0x0000000100000000)
  eden space 273408K, 0% used [0x00000000d5f00000,0x00000000d5f00000,0x00000000e6a00000)
  from space 18432K, 63% used [0x00000000e7c80000,0x00000000e87debf8,0x00000000e8e80000)
  to   space 18944K, 0% used [0x00000000e6a00000,0x00000000e6a00000,0x00000000e7c80000)
 ParOldGen       total 81408K, used 26128K [0x0000000081c00000, 0x0000000086b80000, 0x00000000d5f00000)
  object space 81408K, 32% used [0x0000000081c00000,0x0000000083584330,0x0000000086b80000)
 Metaspace       used 56290K, capacity 59002K, committed 59028K, reserved 1099776K
  class space    used 7470K, capacity 7933K, committed 7936K, reserved 1048576K
}
Event: 18.020 GC heap before
{Heap before GC invocations=13 (full 3):
 PSYoungGen      total 291840K, used 11642K [0x00000000d5f00000, 0x00000000e9f80000, 0x0000000100000000)
  eden space 273408K, 0% used [0x00000000d5f00000,0x00000000d5f00000,0x00000000e6a00000)
  from space 18432K, 63% used [0x00000000e7c80000,0x00000000e87debf8,0x00000000e8e80000)
  to   space 18944K, 0% used [0x00000000e6a00000,0x00000000e6a00000,0x00000000e7c80000)
 ParOldGen       total 81408K, used 26128K [0x0000000081c00000, 0x0000000086b80000, 0x00000000d5f00000)
  object space 81408K, 32% used [0x0000000081c00000,0x0000000083584330,0x0000000086b80000)
 Metaspace       used 56290K, capacity 59002K, committed 59028K, reserved 1099776K
  class space    used 7470K, capacity 7933K, committed 7936K, reserved 1048576K
Event: 18.186 GC heap after
Heap after GC invocations=13 (full 3):
 PSYoungGen      total 291840K, used 0K [0x00000000d5f00000, 0x00000000e9f80000, 0x0000000100000000)
  eden space 273408K, 0% used [0x00000000d5f00000,0x00000000d5f00000,0x00000000e6a00000)
  from space 18432K, 0% used [0x00000000e7c80000,0x00000000e7c80000,0x00000000e8e80000)
  to   space 18944K, 0% used [0x00000000e6a00000,0x00000000e6a00000,0x00000000e7c80000)
 ParOldGen       total 110080K, used 22804K [0x0000000081c00000, 0x0000000088780000, 0x00000000d5f00000)
  object space 110080K, 20% used [0x0000000081c00000,0x0000000083245348,0x0000000088780000)
 Metaspace       used 56290K, capacity 59002K, committed 59028K, reserved 1099776K
  class space    used 7470K, capacity 7933K, committed 7936K, reserved 1048576K
}
Event: 915.652 GC heap before
{Heap before GC invocations=14 (full 3):
 PSYoungGen      total 291840K, used 115915K [0x00000000d5f00000, 0x00000000e9f80000, 0x0000000100000000)
  eden space 273408K, 42% used [0x00000000d5f00000,0x00000000dd032c10,0x00000000e6a00000)
  from space 18432K, 0% used [0x00000000e7c80000,0x00000000e7c80000,0x00000000e8e80000)
  to   space 18944K, 0% used [0x00000000e6a00000,0x00000000e6a00000,0x00000000e7c80000)
 ParOldGen       total 110080K, used 22804K [0x0000000081c00000, 0x0000000088780000, 0x00000000d5f00000)
  object space 110080K, 20% used [0x0000000081c00000,0x0000000083245348,0x0000000088780000)
 Metaspace       used 60190K, capacity 63338K, committed 63576K, reserved 1103872K
  class space    used 7980K, capacity 8534K, committed 8576K, reserved 1048576K
Event: 915.668 GC heap after
Heap after GC invocations=14 (full 3):
 PSYoungGen      total 292352K, used 3980K [0x00000000d5f00000, 0x00000000ee880000, 0x0000000100000000)
  eden space 273408K, 0% used [0x00000000d5f00000,0x00000000d5f00000,0x00000000e6a00000)
  from space 18944K, 21% used [0x00000000e6a00000,0x00000000e6de30d0,0x00000000e7c80000)
  to   space 18432K, 0% used [0x00000000ed680000,0x00000000ed680000,0x00000000ee880000)
 ParOldGen       total 110080K, used 22812K [0x0000000081c00000, 0x0000000088780000, 0x00000000d5f00000)
  object space 110080K, 20% used [0x0000000081c00000,0x0000000083247348,0x0000000088780000)
 Metaspace       used 60190K, capacity 63338K, committed 63576K, reserved 1103872K
  class space    used 7980K, capacity 8534K, committed 8576K, reserved 1048576K
}
Event: 915.668 GC heap before
{Heap before GC invocations=15 (full 4):
 PSYoungGen      total 292352K, used 3980K [0x00000000d5f00000, 0x00000000ee880000, 0x0000000100000000)
  eden space 273408K, 0% used [0x00000000d5f00000,0x00000000d5f00000,0x00000000e6a00000)
  from space 18944K, 21% used [0x00000000e6a00000,0x00000000e6de30d0,0x00000000e7c80000)
  to   space 18432K, 0% used [0x00000000ed680000,0x00000000ed680000,0x00000000ee880000)
 ParOldGen       total 110080K, used 22812K [0x0000000081c00000, 0x0000000088780000, 0x00000000d5f00000)
  object space 110080K, 20% used [0x0000000081c00000,0x0000000083247348,0x0000000088780000)
 Metaspace       used 60190K, capacity 63338K, committed 63576K, reserved 1103872K
  class space    used 7980K, capacity 8534K, committed 8576K, reserved 1048576K
Event: 915.824 GC heap after
Heap after GC invocations=15 (full 4):
 PSYoungGen      total 292352K, used 0K [0x00000000d5f00000, 0x00000000ee880000, 0x0000000100000000)
  eden space 273408K, 0% used [0x00000000d5f00000,0x00000000d5f00000,0x00000000e6a00000)
  from space 18944K, 0% used [0x00000000e6a00000,0x00000000e6a00000,0x00000000e7c80000)
  to   space 18432K, 0% used [0x00000000ed680000,0x00000000ed680000,0x00000000ee880000)
 ParOldGen       total 110080K, used 20339K [0x0000000081c00000, 0x0000000088780000, 0x00000000d5f00000)
  object space 110080K, 18% used [0x0000000081c00000,0x0000000082fdcc40,0x0000000088780000)
 Metaspace       used 60190K, capacity 63338K, committed 63576K, reserved 1103872K
  class space    used 7980K, capacity 8534K, committed 8576K, reserved 1048576K
}

Deoptimization events (10 events):
Event: 917.172 Thread 0x000000001ea0b800 Uncommon trap: reason=unstable_if action=reinterpret pc=0x0000000004321a74 method=org.h2.mvstore.RootReference.getVersion()J @ 17
Event: 921.730 Thread 0x000000001ea0b800 Uncommon trap: reason=unstable_if action=reinterpret pc=0x000000000427cd84 method=org.h2.mvstore.MVStore.getTimeAbsolute()J @ 10
Event: 921.803 Thread 0x000000001ea0b800 Uncommon trap: reason=unstable_if action=reinterpret pc=0x0000000003595524 method=java.net.URLStreamHandler.parseURL(Ljava/net/URL;Ljava/lang/String;II)V @ 57
Event: 921.841 Thread 0x000000001ea0b800 Uncommon trap: reason=unstable_if action=reinterpret pc=0x00000000040252a0 method=sun.reflect.annotation.AnnotationInvocationHandler.invoke(Ljava/lang/Object;Ljava/lang/reflect/Method;[Ljava/lang/Object;)Ljava/lang/Object; @ 19
Event: 922.161 Thread 0x000000001ea0b800 Uncommon trap: reason=unstable_if action=reinterpret pc=0x000000000450656c method=org.springframework.beans.factory.support.AbstractBeanFactory.isTypeMatch(Ljava/lang/String;Lorg/springframework/core/ResolvableType;Z)Z @ 581
Event: 922.208 Thread 0x000000001ea0b800 Uncommon trap: reason=predicate action=maybe_recompile pc=0x0000000004053078 method=org.springframework.boot.context.properties.source.ConfigurationPropertyName.fastElementEquals(Lorg/springframework/boot/context/properties/source/ConfigurationPropertyNam
Event: 922.209 Thread 0x000000001ea0b800 Uncommon trap: reason=class_check action=maybe_recompile pc=0x0000000003771ec4 method=org.springframework.boot.context.properties.source.ConfigurationPropertyName$Elements.charAt(II)C @ 43
Event: 922.209 Thread 0x000000001ea0b800 Uncommon trap: reason=class_check action=maybe_recompile pc=0x0000000003771ec4 method=org.springframework.boot.context.properties.source.ConfigurationPropertyName$Elements.charAt(II)C @ 43
Event: 922.299 Thread 0x000000001ea0b800 Uncommon trap: reason=class_check action=maybe_recompile pc=0x00000000042deb38 method=org.springframework.util.ConcurrentReferenceHashMap$ReferenceManager.pollForPurge()Lorg/springframework/util/ConcurrentReferenceHashMap$Reference; @ 7
Event: 922.300 Thread 0x000000001ea0b800 Uncommon trap: reason=class_check action=maybe_recompile pc=0x00000000042deb38 method=org.springframework.util.ConcurrentReferenceHashMap$ReferenceManager.pollForPurge()Lorg/springframework/util/ConcurrentReferenceHashMap$Reference; @ 7

Internal exceptions (10 events):
Event: 917.094 Thread 0x000000001ea0b800 Implicit null exception at 0x0000000003f383a1 to 0x0000000003f3aa90
Event: 917.094 Thread 0x000000001ea0b800 Exception <a 'java/lang/NullPointerException'> (0x00000000dc9fdbe8) thrown at [C:\re\workspace\8-2-build-windows-amd64-cygwin\jdk8u144\9417\hotspot\src\share\vm\runtime\sharedRuntime.cpp, line 605]
Event: 917.098 Thread 0x000000001ea0b800 Implicit null exception at 0x0000000003f383a1 to 0x0000000003f3aa90
Event: 917.098 Thread 0x000000001ea0b800 Exception <a 'java/lang/NullPointerException'> (0x00000000dca3ab78) thrown at [C:\re\workspace\8-2-build-windows-amd64-cygwin\jdk8u144\9417\hotspot\src\share\vm\runtime\sharedRuntime.cpp, line 605]
Event: 922.298 Thread 0x000000001ea0b800 Exception <a 'java/lang/ClassNotFoundException': java/lang/ObjectCustomizer> (0x00000000e013b498) thrown at [C:\re\workspace\8-2-build-windows-amd64-cygwin\jdk8u144\9417\hotspot\src\share\vm\classfile\systemDictionary.cpp, line 210]
Event: 922.298 Thread 0x000000001ea0b800 Exception <a 'java/lang/ClassNotFoundException': com/springbatchuser/model/UserCustomizer> (0x00000000e0153f00) thrown at [C:\re\workspace\8-2-build-windows-amd64-cygwin\jdk8u144\9417\hotspot\src\share\vm\classfile\systemDictionary.cpp, line 210]
Event: 935.066 Thread 0x000000001d7a2800 Exception <a 'java/lang/ClassNotFoundException': java/lang/ObjectCustomizer> (0x00000000e08e0a80) thrown at [C:\re\workspace\8-2-build-windows-amd64-cygwin\jdk8u144\9417\hotspot\src\share\vm\classfile\systemDictionary.cpp, line 210]
Event: 935.068 Thread 0x000000001d7a2800 Exception <a 'java/lang/ClassNotFoundException': com/springbatchuser/model/UserCustomizer> (0x00000000e08fa8a8) thrown at [C:\re\workspace\8-2-build-windows-amd64-cygwin\jdk8u144\9417\hotspot\src\share\vm\classfile\systemDictionary.cpp, line 210]
Event: 935.336 Thread 0x000000001ea18000 Exception <a 'java/lang/Exception': Exception Occurred> (0x00000000e0811bd8) thrown at [C:\re\workspace\8-2-build-windows-amd64-cygwin\jdk8u144\9417\hotspot\src\share\vm\prims\jni.cpp, line 735]
Event: 935.429 Thread 0x000000001ea18000 Exception <a 'java/lang/Exception': Exception Occurred> (0x00000000e087b648) thrown at [C:\re\workspace\8-2-build-windows-amd64-cygwin\jdk8u144\9417\hotspot\src\share\vm\prims\jni.cpp, line 735]

Events (10 events):
Event: 982.531 Executing VM operation: RevokeBias
Event: 982.531 Executing VM operation: RevokeBias done
Event: 982.533 Thread 0x000000001ea18000 DEOPT PACKING pc=0x00000000041dfa33 sp=0x00000000231d9f30
Event: 982.533 Thread 0x000000001ea18000 DEOPT UNPACKING pc=0x000000000343787f sp=0x00000000231d9cc0 mode 0
Event: 982.535 Thread 0x0000000017f67000 flushing nmethod 0x000000000446b850
Event: 982.535 Thread 0x0000000017f67000 flushing nmethod 0x0000000004501650
Event: 982.536 Executing VM operation: RevokeBias
Event: 982.536 Executing VM operation: RevokeBias done
Event: 982.545 Executing VM operation: RevokeBias
Event: 982.545 Executing VM operation: RevokeBias done


Dynamic libraries:
0x00007ff6e7eb0000 - 0x00007ff6e7ee7000 	C:\Program Files\Java\jdk1.8.0_144\bin\javaw.exe
0x00007ffb23270000 - 0x00007ffb23465000 	C:\WINDOWS\SYSTEM32\ntdll.dll
0x00007ffb218e0000 - 0x00007ffb2199d000 	C:\WINDOWS\System32\KERNEL32.DLL
0x00007ffb20a60000 - 0x00007ffb20d27000 	C:\WINDOWS\System32\KERNELBASE.dll
0x00007ffb212d0000 - 0x00007ffb2137a000 	C:\WINDOWS\System32\ADVAPI32.dll
0x00007ffb22f70000 - 0x00007ffb2300e000 	C:\WINDOWS\System32\msvcrt.dll
0x00007ffb22ca0000 - 0x00007ffb22d3b000 	C:\WINDOWS\System32\sechost.dll
0x00007ffb23100000 - 0x00007ffb23224000 	C:\WINDOWS\System32\RPCRT4.dll
0x00007ffb22dd0000 - 0x00007ffb22f70000 	C:\WINDOWS\System32\USER32.dll
0x00007ffb209b0000 - 0x00007ffb209d2000 	C:\WINDOWS\System32\win32u.dll
0x00007ffb21cf0000 - 0x00007ffb21d1a000 	C:\WINDOWS\System32\GDI32.dll
0x00007ffb20e30000 - 0x00007ffb20f39000 	C:\WINDOWS\System32\gdi32full.dll
0x00007ffb210d0000 - 0x00007ffb2116d000 	C:\WINDOWS\System32\msvcp_win.dll
0x00007ffb20f40000 - 0x00007ffb21040000 	C:\WINDOWS\System32\ucrtbase.dll
0x00007ffb17d70000 - 0x00007ffb1800b000 	C:\WINDOWS\WinSxS\amd64_microsoft.windows.common-controls_6595b64144ccf1df_6.0.19041.488_none_ca04af081b815d21\COMCTL32.dll
0x00007ffb22da0000 - 0x00007ffb22dd0000 	C:\WINDOWS\System32\IMM32.DLL
0x000000006f4e0000 - 0x000000006f5b2000 	C:\Program Files\Java\jdk1.8.0_144\jre\bin\msvcr100.dll
0x000000006c370000 - 0x000000006cc0d000 	C:\Program Files\Java\jdk1.8.0_144\jre\bin\server\jvm.dll
0x00007ffb230f0000 - 0x00007ffb230f8000 	C:\WINDOWS\System32\PSAPI.DLL
0x00007ffb0cd50000 - 0x00007ffb0cd59000 	C:\WINDOWS\SYSTEM32\WSOCK32.dll
0x00007ffb1a7f0000 - 0x00007ffb1a7fa000 	C:\WINDOWS\SYSTEM32\VERSION.dll
0x00007ffb19440000 - 0x00007ffb19467000 	C:\WINDOWS\SYSTEM32\WINMM.dll
0x00007ffb21d30000 - 0x00007ffb21d9b000 	C:\WINDOWS\System32\WS2_32.dll
0x0000000070f10000 - 0x0000000070f1f000 	C:\Program Files\Java\jdk1.8.0_144\jre\bin\verify.dll
0x0000000070ee0000 - 0x0000000070f09000 	C:\Program Files\Java\jdk1.8.0_144\jre\bin\java.dll
0x0000000070ec0000 - 0x0000000070ed6000 	C:\Program Files\Java\jdk1.8.0_144\jre\bin\zip.dll
0x00007ffb22550000 - 0x00007ffb22c91000 	C:\WINDOWS\System32\SHELL32.dll
0x00007ffb1e700000 - 0x00007ffb1ee93000 	C:\WINDOWS\SYSTEM32\windows.storage.dll
0x00007ffb22020000 - 0x00007ffb22375000 	C:\WINDOWS\System32\combase.dll
0x00007ffb20350000 - 0x00007ffb2037c000 	C:\WINDOWS\SYSTEM32\Wldp.dll
0x00007ffb224a0000 - 0x00007ffb2254e000 	C:\WINDOWS\System32\SHCORE.dll
0x00007ffb22d40000 - 0x00007ffb22d95000 	C:\WINDOWS\System32\shlwapi.dll
0x00007ffb208e0000 - 0x00007ffb20906000 	C:\WINDOWS\SYSTEM32\profapi.dll
0x0000000070eb0000 - 0x0000000070ebd000 	C:\Program Files\Java\jdk1.8.0_144\jre\bin\management.dll
0x0000000070e90000 - 0x0000000070eaa000 	C:\Program Files\Java\jdk1.8.0_144\jre\bin\net.dll
0x00007ffb200d0000 - 0x00007ffb2013a000 	C:\WINDOWS\system32\mswsock.dll
0x00007ffb05f20000 - 0x00007ffb05f37000 	C:\WINDOWS\system32\napinsp.dll
0x00007ffb05f00000 - 0x00007ffb05f1b000 	C:\WINDOWS\system32\pnrpnsp.dll
0x00007ffb03b60000 - 0x00007ffb03b75000 	C:\WINDOWS\system32\wshbth.dll
0x00007ffb1bc20000 - 0x00007ffb1bc3d000 	C:\WINDOWS\system32\NLAapi.dll
0x00007ffb1fdc0000 - 0x00007ffb1fdfb000 	C:\WINDOWS\SYSTEM32\IPHLPAPI.DLL
0x00007ffb1fe60000 - 0x00007ffb1ff2b000 	C:\WINDOWS\SYSTEM32\DNSAPI.dll
0x00007ffb21380000 - 0x00007ffb21389000 	C:\WINDOWS\System32\NSI.dll
0x00007ffb03b40000 - 0x00007ffb03b52000 	C:\WINDOWS\System32\winrnr.dll
0x00007ffb18020000 - 0x00007ffb1802a000 	C:\Windows\System32\rasadhlp.dll
0x00007ffb126b0000 - 0x00007ffb1272f000 	C:\WINDOWS\System32\fwpuclnt.dll
0x00007ffb210a0000 - 0x00007ffb210c7000 	C:\WINDOWS\System32\bcrypt.dll
0x0000000070e70000 - 0x0000000070e81000 	C:\Program Files\Java\jdk1.8.0_144\jre\bin\nio.dll
0x0000000180000000 - 0x0000000180282000 	G:\Downloads\apache-tomcat-9.0.33\bin\tcnative-1.dll
0x00007ffb21170000 - 0x00007ffb212cd000 	C:\WINDOWS\System32\CRYPT32.dll
0x00007ffb202b0000 - 0x00007ffb202c8000 	C:\WINDOWS\SYSTEM32\CRYPTSP.dll
0x00007ffb1fa60000 - 0x00007ffb1fa94000 	C:\WINDOWS\system32\rsaenh.dll
0x00007ffb207f0000 - 0x00007ffb2081e000 	C:\WINDOWS\SYSTEM32\USERENV.dll
0x00007ffb209e0000 - 0x00007ffb20a5f000 	C:\WINDOWS\System32\bcryptprimitives.dll
0x00007ffb202a0000 - 0x00007ffb202ac000 	C:\WINDOWS\SYSTEM32\CRYPTBASE.dll
0x00007ffb1a790000 - 0x00007ffb1a7a7000 	C:\WINDOWS\SYSTEM32\dhcpcsvc6.DLL
0x00007ffb1a770000 - 0x00007ffb1a78d000 	C:\WINDOWS\SYSTEM32\dhcpcsvc.DLL
0x0000000020580000 - 0x00000000205b4000 	C:\Users\UDHAYA\.m2\repository\javaxt\javaxt-core\1.7.8\javaxt-core64.dll
0x00007ffb0dfd0000 - 0x00007ffb0dfed000 	C:\WINDOWS\SYSTEM32\MPR.dll
0x00007ffb0d330000 - 0x00007ffb0d348000 	C:\WINDOWS\SYSTEM32\NETAPI32.dll
0x00007ffb1fe00000 - 0x00007ffb1fe0c000 	C:\WINDOWS\SYSTEM32\NETUTILS.DLL
0x00007ffb062c0000 - 0x00007ffb062e8000 	C:\WINDOWS\SYSTEM32\SRVCLI.DLL
0x00007ffb1f2b0000 - 0x00007ffb1f494000 	C:\WINDOWS\SYSTEM32\dbghelp.dll

VM Arguments:
jvm_args: -Dfile.encoding=UTF-8 
java_command: com.springbatchuser.SpringbatchuserApplication
java_class_path (initial): C:\Users\UDHAYA\Desktop\udhaysts\springbatchuser\target\classes;C:\Users\UDHAYA\.m2\repository\org\springframework\boot\spring-boot-starter-batch\2.3.4.RELEASE\spring-boot-starter-batch-2.3.4.RELEASE.jar;C:\Users\UDHAYA\.m2\repository\org\springframework\boot\spring-boot-starter\2.3.4.RELEASE\spring-boot-starter-2.3.4.RELEASE.jar;C:\Users\UDHAYA\.m2\repository\org\springframework\boot\spring-boot-starter-logging\2.3.4.RELEASE\spring-boot-starter-logging-2.3.4.RELEASE.jar;C:\Users\UDHAYA\.m2\repository\ch\qos\logback\logback-classic\1.2.3\logback-classic-1.2.3.jar;C:\Users\UDHAYA\.m2\repository\ch\qos\logback\logback-core\1.2.3\logback-core-1.2.3.jar;C:\Users\UDHAYA\.m2\repository\org\apache\logging\log4j\log4j-to-slf4j\2.13.3\log4j-to-slf4j-2.13.3.jar;C:\Users\UDHAYA\.m2\repository\org\apache\logging\log4j\log4j-api\2.13.3\log4j-api-2.13.3.jar;C:\Users\UDHAYA\.m2\repository\org\slf4j\jul-to-slf4j\1.7.30\jul-to-slf4j-1.7.30.jar;C:\Users\UDHAYA\.m2\repository\jakarta\annotation\jakarta.annotation-api\1.3.5\jakarta.annotation-api-1.3.5.jar;C:\Users\UDHAYA\.m2\repository\org\yaml\snakeyaml\1.26\snakeyaml-1.26.jar;C:\Users\UDHAYA\.m2\repository\org\springframework\boot\spring-boot-starter-jdbc\2.3.4.RELEASE\spring-boot-starter-jdbc-2.3.4.RELEASE.jar;C:\Users\UDHAYA\.m2\repository\com\zaxxer\HikariCP\3.4.5\HikariCP-3.4.5.jar;C:\Users\UDHAYA\.m2\repository\org\springframework\batch\spring-batch-core\4.2.4.RELEASE\spring-batch-core-4.2.4.RELEASE.jar;C:\Users\UDHAYA\.m2\repository\com\fasterxml\jackson\core\jackson-databind\2.11.2\jackson-databind-2.11.2.jar;C:\Users\UDHAYA\.m2\repository\com\fasterxml\jackson\core\jackson-annotations\2.11.2\jackson-annotations-2.11.2.jar;C:\Users\UDHAYA\.m2\repository\com\fasterxml\jackson\core\jackson-core\2.11.2\jackson-core-2.11.2.jar;C:\Users\UDHAYA\.m2\repository\io\micrometer\micrometer-core\1.5.5\micrometer-core-1.5.5.jar;C:\Users\UDHAYA\.m2\repository\org\hdrhistogram\HdrHistogram\2.1.12\HdrHistogram-2.1
Launcher Type: SUN_STANDARD

Environment Variables:
JAVA_HOME=C:\Program Files\Java\jdk1.8.0_144
CLASSPATH=G:\Downloads\apache-tomcat-9.0.33\lib
USERNAME=udhaya2cse
OS=Windows_NT
PROCESSOR_IDENTIFIER=Intel64 Family 6 Model 142 Stepping 9, GenuineIntel



---------------  S Y S T E M  ---------------

OS: Windows 10.0 , 64 bit Build 19041 (10.0.19041.292)

CPU:total 4 (initial active 4) (2 cores per cpu, 2 threads per core) family 6 model 142 stepping 9, cmov, cx8, fxsr, mmx, sse, sse2, sse3, ssse3, sse4.1, sse4.2, popcnt, avx, avx2, aes, clmul, erms, 3dnowpref, lzcnt, ht, tsc, tscinvbit, bmi1, bmi2, adx

Memory: 4k page, physical 8271076k(622456k free), swap 21063412k(6308140k free)

vm_info: Java HotSpot(TM) 64-Bit Server VM (25.144-b01) for windows-amd64 JRE (1.8.0_144-b01), built on Jul 21 2017 21:57:33 by "java_re" with MS VC++ 10.0 (VS2010)

time: Mon Oct 19 21:47:21 2020
elapsed time: 983 seconds (0d 0h 16m 23s)

